# JRE version: Java(TM) SE Runtime Environment (21.0.5+9) (build 21.0.5+9-LTS-239)
# Java VM: Java HotSpot(TM) 64-Bit Server VM (21.0.5+9-LTS-239, mixed mode, sharing, tiered, compressed oops, compressed class ptrs, g1 gc, windows-amd64)
GC Precious Log:
 CardTable entry size: 512
 Card Set container configuration: InlinePtr #cards 5 size 8 Array Of Cards #cards 12 size 40 Howl #buckets 4 coarsen threshold 1843 Howl Bitmap #cards 512 size 80 coarsen threshold 460 Card regions per heap region 1 cards per card region 2048
 CPUs: 8 total, 8 available
 Memory: 8062M
 Large Page Support: Disabled
 NUMA Support: Disabled
 Compressed Oops: Enabled (32-bit)
 Heap Region Size: 1M
 Heap Min Capacity: 8M
 Heap Initial Capacity: 126M
 Heap Max Capacity: 1536M
 Pre-touch: Disabled
 Parallel Workers: 8
 Concurrent Workers: 2
 Concurrent Refinement Workers: 8
 Periodic GC: Disabled
Heap:
 garbage-first heap   total 278528K, used 234457K [0x00000000a0000000, 0x0000000100000000)
  region size 1024K, 84 young (86016K), 6 survivors (6144K)
 Metaspace       used 134528K, committed 136832K, reserved 1179648K
  class space    used 17729K, committed 18880K, reserved 1048576K
GC Heap History (20 events):
Event: 32.557 GC heap before
{Heap before GC invocations=37 (full 0):
 garbage-first heap   total 182272K, used 162361K [0x00000000a0000000, 0x0000000100000000)
  region size 1024K, 52 young (53248K), 8 survivors (8192K)
 Metaspace       used 101323K, committed 103616K, reserved 1179648K
  class space    used 13742K, committed 14912K, reserved 1048576K
}
Event: 32.578 GC heap after
{Heap after GC invocations=38 (full 0):
 garbage-first heap   total 182272K, used 121650K [0x00000000a0000000, 0x0000000100000000)
  region size 1024K, 4 young (4096K), 4 survivors (4096K)
 Metaspace       used 101323K, committed 103616K, reserved 1179648K
  class space    used 13742K, committed 14912K, reserved 1048576K
}
Event: 33.994 GC heap before
{Heap before GC invocations=39 (full 0):
 garbage-first heap   total 211968K, used 163634K [0x00000000a0000000, 0x0000000100000000)
  region size 1024K, 46 young (47104K), 4 survivors (4096K)
 Metaspace       used 101978K, committed 104320K, reserved 1179648K
  class space    used 13811K, committed 14976K, reserved 1048576K
}
Event: 34.007 GC heap after
{Heap after GC invocations=40 (full 0):
 garbage-first heap   total 211968K, used 126143K [0x00000000a0000000, 0x0000000100000000)
  region size 1024K, 6 young (6144K), 6 survivors (6144K)
 Metaspace       used 101978K, committed 104320K, reserved 1179648K
  class space    used 13811K, committed 14976K, reserved 1048576K
}
Event: 34.990 GC heap before
{Heap before GC invocations=40 (full 0):
 garbage-first heap   total 211968K, used 187583K [0x00000000a0000000, 0x0000000100000000)
  region size 1024K, 65 young (66560K), 6 survivors (6144K)
 Metaspace       used 103912K, committed 106176K, reserved 1179648K
  class space    used 14042K, committed 15168K, reserved 1048576K
}
Event: 35.004 GC heap after
{Heap after GC invocations=41 (full 0):
 garbage-first heap   total 211968K, used 132452K [0x00000000a0000000, 0x0000000100000000)
  region size 1024K, 6 young (6144K), 6 survivors (6144K)
 Metaspace       used 103912K, committed 106176K, reserved 1179648K
  class space    used 14042K, committed 15168K, reserved 1048576K
}
Event: 35.056 GC heap before
{Heap before GC invocations=41 (full 0):
 garbage-first heap   total 211968K, used 137572K [0x00000000a0000000, 0x0000000100000000)
  region size 1024K, 12 young (12288K), 6 survivors (6144K)
 Metaspace       used 104389K, committed 106688K, reserved 1179648K
  class space    used 14090K, committed 15232K, reserved 1048576K
}
Event: 35.063 GC heap after
{Heap after GC invocations=42 (full 0):
 garbage-first heap   total 211968K, used 134299K [0x00000000a0000000, 0x0000000100000000)
  region size 1024K, 2 young (2048K), 2 survivors (2048K)
 Metaspace       used 104389K, committed 106688K, reserved 1179648K
  class space    used 14090K, committed 15232K, reserved 1048576K
}
Event: 35.567 GC heap before
{Heap before GC invocations=43 (full 0):
 garbage-first heap   total 254976K, used 181403K [0x00000000a0000000, 0x0000000100000000)
  region size 1024K, 47 young (48128K), 2 survivors (2048K)
 Metaspace       used 105731K, committed 107968K, reserved 1179648K
  class space    used 14277K, committed 15424K, reserved 1048576K
}
Event: 35.576 GC heap after
{Heap after GC invocations=44 (full 0):
 garbage-first heap   total 254976K, used 141400K [0x00000000a0000000, 0x0000000100000000)
  region size 1024K, 6 young (6144K), 6 survivors (6144K)
 Metaspace       used 105731K, committed 107968K, reserved 1179648K
  class space    used 14277K, committed 15424K, reserved 1048576K
}
Event: 36.991 GC heap before
{Heap before GC invocations=44 (full 0):
 garbage-first heap   total 254976K, used 213080K [0x00000000a0000000, 0x0000000100000000)
  region size 1024K, 76 young (77824K), 6 survivors (6144K)
 Metaspace       used 111217K, committed 113536K, reserved 1179648K
  class space    used 15013K, committed 16192K, reserved 1048576K
}
Event: 37.000 GC heap after
{Heap after GC invocations=45 (full 0):
 garbage-first heap   total 254976K, used 131175K [0x00000000a0000000, 0x0000000100000000)
  region size 1024K, 9 young (9216K), 9 survivors (9216K)
 Metaspace       used 111217K, committed 113536K, reserved 1179648K
  class space    used 15013K, committed 16192K, reserved 1048576K
}
Event: 37.497 GC heap before
{Heap before GC invocations=45 (full 0):
 garbage-first heap   total 254976K, used 173159K [0x00000000a0000000, 0x0000000100000000)
  region size 1024K, 52 young (53248K), 9 survivors (9216K)
 Metaspace       used 113511K, committed 115840K, reserved 1179648K
  class space    used 15273K, committed 16448K, reserved 1048576K
}
Event: 37.512 GC heap after
{Heap after GC invocations=46 (full 0):
 garbage-first heap   total 254976K, used 134972K [0x00000000a0000000, 0x0000000100000000)
  region size 1024K, 9 young (9216K), 9 survivors (9216K)
 Metaspace       used 113511K, committed 115840K, reserved 1179648K
  class space    used 15273K, committed 16448K, reserved 1048576K
}
Event: 38.614 GC heap before
{Heap before GC invocations=47 (full 0):
 garbage-first heap   total 254976K, used 229180K [0x00000000a0000000, 0x0000000100000000)
  region size 1024K, 90 young (92160K), 9 survivors (9216K)
 Metaspace       used 119037K, committed 121344K, reserved 1179648K
  class space    used 15899K, committed 17088K, reserved 1048576K
}
Event: 38.630 GC heap after
{Heap after GC invocations=48 (full 0):
 garbage-first heap   total 254976K, used 147038K [0x00000000a0000000, 0x0000000100000000)
  region size 1024K, 12 young (12288K), 12 survivors (12288K)
 Metaspace       used 119037K, committed 121344K, reserved 1179648K
  class space    used 15899K, committed 17088K, reserved 1048576K
}
Event: 39.425 GC heap before
{Heap before GC invocations=48 (full 0):
 garbage-first heap   total 254976K, used 243294K [0x00000000a0000000, 0x0000000100000000)
  region size 1024K, 87 young (89088K), 12 survivors (12288K)
 Metaspace       used 125247K, committed 127552K, reserved 1179648K
  class space    used 16626K, committed 17792K, reserved 1048576K
}
Event: 39.443 GC heap after
{Heap after GC invocations=49 (full 0):
 garbage-first heap   total 266240K, used 157076K [0x00000000a0000000, 0x0000000100000000)
  region size 1024K, 7 young (7168K), 7 survivors (7168K)
 Metaspace       used 125247K, committed 127552K, reserved 1179648K
  class space    used 16626K, committed 17792K, reserved 1048576K
}
Event: 40.116 GC heap before
{Heap before GC invocations=49 (full 0):
 garbage-first heap   total 266240K, used 234900K [0x00000000a0000000, 0x0000000100000000)
  region size 1024K, 84 young (86016K), 7 survivors (7168K)
 Metaspace       used 130579K, committed 132928K, reserved 1179648K
  class space    used 17343K, committed 18496K, reserved 1048576K
}
Event: 40.124 GC heap after
{Heap after GC invocations=50 (full 0):
 garbage-first heap   total 266240K, used 156633K [0x00000000a0000000, 0x0000000100000000)
  region size 1024K, 6 young (6144K), 6 survivors (6144K)
 Metaspace       used 130579K, committed 132928K, reserved 1179648K
  class space    used 17343K, committed 18496K, reserved 1048576K
}

